Using pre-set license
Built from '2020.3/staging' branch; Version is '2020.3.11f1 (99c7afb366b3) revision 10078127'; Using compiler version '192528614'; Build Type 'Release'
OS: 'Windows 10 Pro; OS build 19043.1415; Version 2009; 64bit' Language: 'en' Physical Memory: 32709 MB
BatchMode: 1, IsHumanControllingUs: 0, StartBugReporterOnCrash: 0, Is64bit: 1, IsPro: 0

 COMMAND LINE ARGUMENTS:
G:\Unity Installs\2020.3.11f1\Editor\Unity.exe
-adb2
-batchMode
-noUpm
-name
AssetImportWorker0
-projectPath
F:/Work/Unity Work/Quantum Studios/Studio2_3Unity
-logFile
Logs/AssetImportWorker0.log
-srvPort
61612
Successfully changed project path to: F:/Work/Unity Work/Quantum Studios/Studio2_3Unity
F:/Work/Unity Work/Quantum Studios/Studio2_3Unity
Using Asset Import Pipeline V2.
Refreshing native plugins compatible for Editor in 33.10 ms, found 21 plugins.
Preloading 0 native plugins for Editor in 0.00 ms.
Initialize engine version: 2020.3.11f1 (99c7afb366b3)
[Subsystems] Discovering subsystems at path G:/Unity Installs/2020.3.11f1/Editor/Data/Resources/UnitySubsystems
[Subsystems] Discovering subsystems at path F:/Work/Unity Work/Quantum Studios/Studio2_3Unity/Assets
GfxDevice: creating device client; threaded=0
Direct3D:
    Version:  Direct3D 11.0 [level 11.1]
    Renderer: NVIDIA GeForce RTX 2070 SUPER (ID=0x1e84)
    Vendor:   
    VRAM:     8011 MB
    Driver:   30.0.14.9729
Initialize mono
Mono path[0] = 'G:/Unity Installs/2020.3.11f1/Editor/Data/Managed'
Mono path[1] = 'G:/Unity Installs/2020.3.11f1/Editor/Data/MonoBleedingEdge/lib/mono/unityjit'
Mono config path = 'G:/Unity Installs/2020.3.11f1/Editor/Data/MonoBleedingEdge/etc'
Using monoOptions --debugger-agent=transport=dt_socket,embedding=1,server=y,suspend=n,address=127.0.0.1:56492
Begin MonoManager ReloadAssembly
Registering precompiled unity dll's ...
Register platform support module: G:/Unity Installs/2020.3.11f1/Editor/Data/PlaybackEngines/WebGLSupport/UnityEditor.WebGL.Extensions.dll
Register platform support module: G:/Unity Installs/2020.3.11f1/Editor/Data/PlaybackEngines/WindowsStandaloneSupport/UnityEditor.WindowsStandalone.Extensions.dll
Registered in 0.001140 seconds.
Native extension for WindowsStandalone target not found
Native extension for WebGL target not found
Refreshing native plugins compatible for Editor in 32.53 ms, found 21 plugins.
Preloading 0 native plugins for Editor in 0.00 ms.
Mono: successfully reloaded assembly
- Completed reload, in  2.499 seconds
Platform modules already initialized, skipping
Registering precompiled user dll's ...
Registered in 0.002047 seconds.
Begin MonoManager ReloadAssembly
Native extension for WindowsStandalone target not found
Native extension for WebGL target not found
Refreshing native plugins compatible for Editor in 0.48 ms, found 21 plugins.
Preloading 0 native plugins for Editor in 0.00 ms.
Mono: successfully reloaded assembly
- Completed reload, in  0.724 seconds
Platform modules already initialized, skipping
========================================================================
Worker process is ready to serve import requests
Launched and connected shader compiler UnityShaderCompiler.exe after 0.03 seconds
Refreshing native plugins compatible for Editor in 0.42 ms, found 21 plugins.
Preloading 0 native plugins for Editor in 0.00 ms.
Unloading 1091 Unused Serialized files (Serialized files now loaded: 0)
System memory in use before: 75.8 MB.
System memory in use after: 75.9 MB.

Unloading 29 unused Assets to reduce memory usage. Loaded Objects now: 1533.
Total: 1.665500 ms (FindLiveObjects: 0.135400 ms CreateObjectMapping: 0.087900 ms MarkObjects: 1.333300 ms  DeleteObjects: 0.108000 ms)

========================================================================
Received Import Request.
  path: Assets/Scenes/SinglePlayer.unity
  artifactKey: Guid(7f70c49f477449348b14513260b09c00) Importer(815301076,1909f56bfc062723c751e8b465ee728b)
Start importing Assets/Scenes/SinglePlayer.unity using Guid(7f70c49f477449348b14513260b09c00) Importer(815301076,1909f56bfc062723c751e8b465ee728b)  -> (artifact id: '4f6c8388ef2ec435e38abd0c426273c6') in 0.016488 seconds
  Import took 0.018347 seconds .

========================================================================
Received Import Request.
  Time since last request: 0.000204 seconds.
  path: Assets/Scenes/TutorialScene.unity
  artifactKey: Guid(37e4a69e27cc6194a96b84d2ae3cfc63) Importer(815301076,1909f56bfc062723c751e8b465ee728b)
Start importing Assets/Scenes/TutorialScene.unity using Guid(37e4a69e27cc6194a96b84d2ae3cfc63) Importer(815301076,1909f56bfc062723c751e8b465ee728b)  -> (artifact id: 'f3a26d397825eba0a531909afc2a8419') in 0.007942 seconds
  Import took 0.009947 seconds .

========================================================================
Received Import Request.
  Time since last request: 14.342238 seconds.
  path: Assets/Scenes/TutorialScene.unity
  artifactKey: Guid(37e4a69e27cc6194a96b84d2ae3cfc63) Importer(815301076,1909f56bfc062723c751e8b465ee728b)
Start importing Assets/Scenes/TutorialScene.unity using Guid(37e4a69e27cc6194a96b84d2ae3cfc63) Importer(815301076,1909f56bfc062723c751e8b465ee728b)  -> (artifact id: 'a725002570134d77d78889aee18d0c1d') in 0.002690 seconds
  Import took 0.005946 seconds .

========================================================================
Received Import Request.
  Time since last request: 56.752807 seconds.
  path: Assets/Individual Sections/Ajay/Prefabs/SceneManager.prefab
  artifactKey: Guid(3387e24259cde564487fbd1653979eb4) Importer(815301076,1909f56bfc062723c751e8b465ee728b)
Start importing Assets/Individual Sections/Ajay/Prefabs/SceneManager.prefab using Guid(3387e24259cde564487fbd1653979eb4) Importer(815301076,1909f56bfc062723c751e8b465ee728b)  -> (artifact id: '7ae02d260464cfcf924cc87c0daa6c8d') in 0.041859 seconds
  Import took 0.043952 seconds .

========================================================================
Received Import Request.
  Time since last request: 3.577549 seconds.
  path: Assets/Individual Sections/Ajay/Prefabs/Rock.prefab
  artifactKey: Guid(f6da4525f669d2d4c86c9b4862368cee) Importer(815301076,1909f56bfc062723c751e8b465ee728b)
Start importing Assets/Individual Sections/Ajay/Prefabs/Rock.prefab using Guid(f6da4525f669d2d4c86c9b4862368cee) Importer(815301076,1909f56bfc062723c751e8b465ee728b)  -> (artifact id: '1aa9b2d0451d17882d2fb24bb87e96c8') in 0.149878 seconds
  Import took 0.152101 seconds .

========================================================================
Received Prepare
Registering precompiled user dll's ...
Registered in 0.002195 seconds.
Begin MonoManager ReloadAssembly
Native extension for WindowsStandalone target not found
Native extension for WebGL target not found
Refreshing native plugins compatible for Editor in 0.44 ms, found 21 plugins.
Preloading 0 native plugins for Editor in 0.00 ms.
Mono: successfully reloaded assembly
- Completed reload, in  0.688 seconds
Platform modules already initialized, skipping
Refreshing native plugins compatible for Editor in 0.49 ms, found 21 plugins.
Preloading 0 native plugins for Editor in 0.00 ms.
Unloading 1068 Unused Serialized files (Serialized files now loaded: 0)
System memory in use before: 76.9 MB.
System memory in use after: 77.0 MB.

Unloading 25 unused Assets to reduce memory usage. Loaded Objects now: 1543.
Total: 1.895300 ms (FindLiveObjects: 0.187700 ms CreateObjectMapping: 0.132700 ms MarkObjects: 1.548500 ms  DeleteObjects: 0.025500 ms)

========================================================================
Received Import Request.
  Time since last request: 2616.198455 seconds.
  path: Assets/Individual Sections/Ajay/Prefabs/PlayerModelTest2Tutorial.prefab
  artifactKey: Guid(781fcf55b3394a9498acf252af970f8b) Importer(815301076,1909f56bfc062723c751e8b465ee728b)
Start importing Assets/Individual Sections/Ajay/Prefabs/PlayerModelTest2Tutorial.prefab using Guid(781fcf55b3394a9498acf252af970f8b) Importer(815301076,1909f56bfc062723c751e8b465ee728b)  -> (artifact id: '81d9226c9a728c3c7d58fca5e5f85434') in 0.108674 seconds
  Import took 0.112551 seconds .

========================================================================
Received Prepare
Registering precompiled user dll's ...
Registered in 0.004370 seconds.
Begin MonoManager ReloadAssembly
Native extension for WindowsStandalone target not found
Native extension for WebGL target not found
Refreshing native plugins compatible for Editor in 0.48 ms, found 21 plugins.
Preloading 0 native plugins for Editor in 0.00 ms.
Mono: successfully reloaded assembly
- Completed reload, in  0.970 seconds
Platform modules already initialized, skipping
Refreshing native plugins compatible for Editor in 0.65 ms, found 21 plugins.
Preloading 0 native plugins for Editor in 0.00 ms.
Unloading 1068 Unused Serialized files (Serialized files now loaded: 0)
System memory in use before: 77.0 MB.
System memory in use after: 77.1 MB.

Unloading 25 unused Assets to reduce memory usage. Loaded Objects now: 1546.
Total: 3.110300 ms (FindLiveObjects: 0.257300 ms CreateObjectMapping: 0.061100 ms MarkObjects: 2.764000 ms  DeleteObjects: 0.026000 ms)

========================================================================
Received Prepare
Registering precompiled user dll's ...
Registered in 0.002736 seconds.
Begin MonoManager ReloadAssembly
Native extension for WindowsStandalone target not found
Native extension for WebGL target not found
Refreshing native plugins compatible for Editor in 0.48 ms, found 21 plugins.
Preloading 0 native plugins for Editor in 0.00 ms.
Mono: successfully reloaded assembly
- Completed reload, in  0.743 seconds
Platform modules already initialized, skipping
Refreshing native plugins compatible for Editor in 0.46 ms, found 21 plugins.
Preloading 0 native plugins for Editor in 0.00 ms.
Unloading 1068 Unused Serialized files (Serialized files now loaded: 0)
System memory in use before: 77.0 MB.
System memory in use after: 77.1 MB.

Unloading 25 unused Assets to reduce memory usage. Loaded Objects now: 1548.
Total: 1.848900 ms (FindLiveObjects: 0.148600 ms CreateObjectMapping: 0.058200 ms MarkObjects: 1.591000 ms  DeleteObjects: 0.050300 ms)

========================================================================
Received Prepare
Registering precompiled user dll's ...
Registered in 0.002111 seconds.
Begin MonoManager ReloadAssembly
Native extension for WindowsStandalone target not found
Native extension for WebGL target not found
Refreshing native plugins compatible for Editor in 0.55 ms, found 21 plugins.
Preloading 0 native plugins for Editor in 0.00 ms.
Mono: successfully reloaded assembly
- Completed reload, in  0.697 seconds
Platform modules already initialized, skipping
Refreshing native plugins compatible for Editor in 0.49 ms, found 21 plugins.
Preloading 0 native plugins for Editor in 0.00 ms.
Unloading 1068 Unused Serialized files (Serialized files now loaded: 0)
System memory in use before: 77.0 MB.
System memory in use after: 77.1 MB.

Unloading 25 unused Assets to reduce memory usage. Loaded Objects now: 1550.
Total: 2.169300 ms (FindLiveObjects: 0.199100 ms CreateObjectMapping: 0.095700 ms MarkObjects: 1.836300 ms  DeleteObjects: 0.037200 ms)

========================================================================
Received Prepare
Registering precompiled user dll's ...
Registered in 0.002205 seconds.
Begin MonoManager ReloadAssembly
Native extension for WindowsStandalone target not found
Native extension for WebGL target not found
Refreshing native plugins compatible for Editor in 0.44 ms, found 21 plugins.
Preloading 0 native plugins for Editor in 0.00 ms.
Mono: successfully reloaded assembly
- Completed reload, in  0.713 seconds
Platform modules already initialized, skipping
Refreshing native plugins compatible for Editor in 0.45 ms, found 21 plugins.
Preloading 0 native plugins for Editor in 0.00 ms.
Unloading 1068 Unused Serialized files (Serialized files now loaded: 0)
System memory in use before: 77.0 MB.
System memory in use after: 77.1 MB.

Unloading 25 unused Assets to reduce memory usage. Loaded Objects now: 1552.
Total: 1.864000 ms (FindLiveObjects: 0.130700 ms CreateObjectMapping: 0.053900 ms MarkObjects: 1.664300 ms  DeleteObjects: 0.014200 ms)

========================================================================
Received Import Request.
  Time since last request: 122.074558 seconds.
  path: Assets/Scenes/GameOverScene.unity
  artifactKey: Guid(8e30ea012fb4d794cbad77ee6e2a4b38) Importer(815301076,1909f56bfc062723c751e8b465ee728b)
Start importing Assets/Scenes/GameOverScene.unity using Guid(8e30ea012fb4d794cbad77ee6e2a4b38) Importer(815301076,1909f56bfc062723c751e8b465ee728b)  -> (artifact id: '69c437d82b7cc6cbac3b6ab2839ac6ca') in 0.029457 seconds
  Import took 0.032314 seconds .

========================================================================
Received Import Request.
  Time since last request: 83.676602 seconds.
  path: Assets/Individual Sections/Al Ross/Final Assets/Materials/Fire Material.mat
  artifactKey: Guid(94632696412676648b694ecefd2c1003) Importer(815301076,1909f56bfc062723c751e8b465ee728b)
Start importing Assets/Individual Sections/Al Ross/Final Assets/Materials/Fire Material.mat using Guid(94632696412676648b694ecefd2c1003) Importer(815301076,1909f56bfc062723c751e8b465ee728b)  -> (artifact id: 'c5b0090a93e42a099b6d3472e2ad023d') in 0.091206 seconds
  Import took 0.093187 seconds .

========================================================================
Received Prepare
Registering precompiled user dll's ...
Registered in 0.002074 seconds.
Begin MonoManager ReloadAssembly
Native extension for WindowsStandalone target not found
Native extension for WebGL target not found
Refreshing native plugins compatible for Editor in 0.50 ms, found 21 plugins.
Preloading 0 native plugins for Editor in 0.00 ms.
Mono: successfully reloaded assembly
- Completed reload, in  0.694 seconds
Platform modules already initialized, skipping
Refreshing native plugins compatible for Editor in 0.50 ms, found 21 plugins.
Preloading 0 native plugins for Editor in 0.00 ms.
Unloading 1068 Unused Serialized files (Serialized files now loaded: 0)
System memory in use before: 77.3 MB.
System memory in use after: 77.4 MB.

Unloading 25 unused Assets to reduce memory usage. Loaded Objects now: 1588.
Total: 1.632700 ms (FindLiveObjects: 0.151500 ms CreateObjectMapping: 0.055700 ms MarkObjects: 1.407300 ms  DeleteObjects: 0.017500 ms)

========================================================================
Received Import Request.
  Time since last request: 48.006006 seconds.
  path: Assets/Individual Sections/Khatim/Textures/Icon/Game Logo.png
  artifactKey: Guid(9dcbaa771c3eea2408281818f938cf6c) Importer(815301076,1909f56bfc062723c751e8b465ee728b)
Start importing Assets/Individual Sections/Khatim/Textures/Icon/Game Logo.png using Guid(9dcbaa771c3eea2408281818f938cf6c) Importer(815301076,1909f56bfc062723c751e8b465ee728b)  -> (artifact id: '250d8693c59b59d622ce7b59a48f6626') in 0.050535 seconds
  Import took 0.052998 seconds .

========================================================================
Received Import Request.
  Time since last request: 0.003204 seconds.
  path: Assets/Individual Sections/Khatim/Textures/Icon/Game Logo.png
  artifactKey: Guid(9dcbaa771c3eea2408281818f938cf6c) Importer(815301076,1909f56bfc062723c751e8b465ee728b)
Start importing Assets/Individual Sections/Khatim/Textures/Icon/Game Logo.png using Guid(9dcbaa771c3eea2408281818f938cf6c) Importer(815301076,1909f56bfc062723c751e8b465ee728b)  -> (artifact id: '250d8693c59b59d622ce7b59a48f6626') in 0.027773 seconds
  Import took 0.030416 seconds .

========================================================================
Received Import Request.
  Time since last request: 66.509325 seconds.
  path: Assets/Individual Sections/Khatim/Prefabs/Envrionment/TikkiTorchSea.prefab
  artifactKey: Guid(32e6c85c5e416444da539c6322be9624) Importer(815301076,1909f56bfc062723c751e8b465ee728b)
Start importing Assets/Individual Sections/Khatim/Prefabs/Envrionment/TikkiTorchSea.prefab using Guid(32e6c85c5e416444da539c6322be9624) Importer(815301076,1909f56bfc062723c751e8b465ee728b)  -> (artifact id: '186439945c8a2f994b6b3a1d732a86db') in 0.056238 seconds
  Import took 0.059639 seconds .

========================================================================
Received Import Request.
  Time since last request: 59.053635 seconds.
  path: Assets/Individual Sections/Khatim/Prefabs/Envrionment/TikkiTorchSea.prefab
  artifactKey: Guid(32e6c85c5e416444da539c6322be9624) Importer(815301076,1909f56bfc062723c751e8b465ee728b)
Start importing Assets/Individual Sections/Khatim/Prefabs/Envrionment/TikkiTorchSea.prefab using Guid(32e6c85c5e416444da539c6322be9624) Importer(815301076,1909f56bfc062723c751e8b465ee728b)  -> (artifact id: 'a2c43c80c434670461cae15a52d16f59') in 0.016928 seconds
  Import took 0.019800 seconds .

========================================================================
Received Import Request.
  Time since last request: 59.471766 seconds.
  path: Assets/Individual Sections/Khatim/Prefabs/Envrionment/TikkiTorchShore.prefab
  artifactKey: Guid(d6e31baddcf199c458f0f8791f75d1f3) Importer(815301076,1909f56bfc062723c751e8b465ee728b)
Start importing Assets/Individual Sections/Khatim/Prefabs/Envrionment/TikkiTorchShore.prefab using Guid(d6e31baddcf199c458f0f8791f75d1f3) Importer(815301076,1909f56bfc062723c751e8b465ee728b)  -> (artifact id: 'a3096c989986e5a23daf9c1a675615dd') in 0.030019 seconds
  Import took 0.032925 seconds .

